Using pre-set license
Built from '2022.3/staging' branch; Version is '2022.3.24f1 (334eb2a0b267) revision 3362482'; Using compiler version '192829333'; Build Type 'Release'
OS: 'Windows 11  (10.0.26100) 64bit Professional' Language: 'ja' Physical Memory: 16250 MB
BatchMode: 1, IsHumanControllingUs: 0, StartBugReporterOnCrash: 0, Is64bit: 1, IsPro: 1

COMMAND LINE ARGUMENTS:
C:\Program Files\Unity\Hub\Editor\2022.3.24f1\Editor\Unity.exe
-adb2
-batchMode
-noUpm
-name
AssetImportWorker4
-projectPath
C:/Users/mador/Downloads/ProgateHakkason24-10-UnitySettingTest/baba
-logFile
Logs/AssetImportWorker4.log
-srvPort
59107
Successfully changed project path to: C:/Users/mador/Downloads/ProgateHakkason24-10-UnitySettingTest/baba
C:/Users/mador/Downloads/ProgateHakkason24-10-UnitySettingTest/baba
[UnityMemory] Configuration Parameters - Can be set up in boot.config
    "memorysetup-bucket-allocator-granularity=16"
    "memorysetup-bucket-allocator-bucket-count=8"
    "memorysetup-bucket-allocator-block-size=33554432"
    "memorysetup-bucket-allocator-block-count=8"
    "memorysetup-main-allocator-block-size=16777216"
    "memorysetup-thread-allocator-block-size=16777216"
    "memorysetup-gfx-main-allocator-block-size=16777216"
    "memorysetup-gfx-thread-allocator-block-size=16777216"
    "memorysetup-cache-allocator-block-size=4194304"
    "memorysetup-typetree-allocator-block-size=2097152"
    "memorysetup-profiler-bucket-allocator-granularity=16"
    "memorysetup-profiler-bucket-allocator-bucket-count=8"
    "memorysetup-profiler-bucket-allocator-block-size=33554432"
    "memorysetup-profiler-bucket-allocator-block-count=8"
    "memorysetup-profiler-allocator-block-size=16777216"
    "memorysetup-profiler-editor-allocator-block-size=1048576"
    "memorysetup-temp-allocator-size-main=16777216"
    "memorysetup-job-temp-allocator-block-size=2097152"
    "memorysetup-job-temp-allocator-block-size-background=1048576"
    "memorysetup-job-temp-allocator-reduction-small-platforms=262144"
    "memorysetup-allocator-temp-initial-block-size-main=262144"
    "memorysetup-allocator-temp-initial-block-size-worker=262144"
    "memorysetup-temp-allocator-size-background-worker=32768"
    "memorysetup-temp-allocator-size-job-worker=262144"
    "memorysetup-temp-allocator-size-preload-manager=33554432"
    "memorysetup-temp-allocator-size-nav-mesh-worker=65536"
    "memorysetup-temp-allocator-size-audio-worker=65536"
    "memorysetup-temp-allocator-size-cloud-worker=32768"
    "memorysetup-temp-allocator-size-gi-baking-worker=262144"
    "memorysetup-temp-allocator-size-gfx=262144"
Player connection [1824] Host "[IP] 192.168.1.7 [Port] 0 [Flags] 2 [Guid] 2315305193 [EditorId] 2315305193 [Version] 1048832 [Id] WindowsEditor(7,DESKTOP-madoromi) [Debug] 1 [PackageName] WindowsEditor [ProjectName] Editor" joined multi-casting on [225.0.0.222:54997]...

Player connection [1824] Host "[IP] 192.168.1.7 [Port] 0 [Flags] 2 [Guid] 2315305193 [EditorId] 2315305193 [Version] 1048832 [Id] WindowsEditor(7,DESKTOP-madoromi) [Debug] 1 [PackageName] WindowsEditor [ProjectName] Editor" joined alternative multi-casting on [225.0.0.222:34997]...

[Physics::Module] Initialized MultithreadedJobDispatcher with 15 workers.
Refreshing native plugins compatible for Editor in 19.10 ms, found 4 plugins.
Preloading 0 native plugins for Editor in 0.00 ms.
Initialize engine version: 2022.3.24f1 (334eb2a0b267)
[Subsystems] Discovering subsystems at path C:/Program Files/Unity/Hub/Editor/2022.3.24f1/Editor/Data/Resources/UnitySubsystems
[Subsystems] Discovering subsystems at path C:/Users/mador/Downloads/ProgateHakkason24-10-UnitySettingTest/baba/Assets
GfxDevice: creating device client; threaded=0; jobified=0
Direct3D:
    Version:  Direct3D 11.0 [level 11.1]
    Renderer: NVIDIA GeForce RTX 2060 (ID=0x1f08)
    Vendor:   NVIDIA
    VRAM:     5955 MB
    Driver:   32.0.15.5612
Initialize mono
Mono path[0] = 'C:/Program Files/Unity/Hub/Editor/2022.3.24f1/Editor/Data/Managed'
Mono path[1] = 'C:/Program Files/Unity/Hub/Editor/2022.3.24f1/Editor/Data/MonoBleedingEdge/lib/mono/unityjit-win32'
Mono config path = 'C:/Program Files/Unity/Hub/Editor/2022.3.24f1/Editor/Data/MonoBleedingEdge/etc'
Using monoOptions --debugger-agent=transport=dt_socket,embedding=1,server=y,suspend=n,address=127.0.0.1:56816
Begin MonoManager ReloadAssembly
Registering precompiled unity dll's ...
Register platform support module: C:/Program Files/Unity/Hub/Editor/2022.3.24f1/Editor/Data/PlaybackEngines/WindowsStandaloneSupport/UnityEditor.WindowsStandalone.Extensions.dll
Registered in 0.012009 seconds.
- Loaded All Assemblies, in  0.546 seconds
Native extension for WindowsStandalone target not found
Mono: successfully reloaded assembly
- Finished resetting the current domain, in  0.383 seconds
Domain Reload Profiling: 926ms
	BeginReloadAssembly (171ms)
		ExecutionOrderSort (0ms)
		DisableScriptedObjects (0ms)
		BackupInstance (0ms)
		ReleaseScriptingObjects (0ms)
		CreateAndSetChildDomain (1ms)
	RebuildCommonClasses (54ms)
	RebuildNativeTypeToScriptingClass (19ms)
	initialDomainReloadingComplete (90ms)
	LoadAllAssembliesAndSetupDomain (208ms)
		LoadAssemblies (167ms)
		RebuildTransferFunctionScriptingTraits (0ms)
		AnalyzeDomain (206ms)
			TypeCache.Refresh (204ms)
				TypeCache.ScanAssembly (182ms)
			ScanForSourceGeneratedMonoScriptInfo (1ms)
			ResolveRequiredComponents (1ms)
	FinalizeReload (383ms)
		ReleaseScriptCaches (0ms)
		RebuildScriptCaches (0ms)
		SetupLoadedEditorAssemblies (301ms)
			LogAssemblyErrors (0ms)
			InitializePlatformSupportModulesInManaged (12ms)
			SetLoadedEditorAssemblies (11ms)
			RefreshPlugins (0ms)
			BeforeProcessingInitializeOnLoad (2ms)
			ProcessInitializeOnLoadAttributes (204ms)
			ProcessInitializeOnLoadMethodAttributes (71ms)
			AfterProcessingInitializeOnLoad (0ms)
			EditorAssembliesLoaded (0ms)
		ExecutionOrderSort2 (0ms)
		AwakeInstancesAfterBackupRestoration (0ms)
========================================================================
Worker process is ready to serve import requests
Begin MonoManager ReloadAssembly
- Loaded All Assemblies, in  1.028 seconds
Refreshing native plugins compatible for Editor in 8.04 ms, found 4 plugins.
Native extension for WindowsStandalone target not found
Package Manager log level set to [2]
[Package Manager] Server::EnsureServerProcessIsRunning -- launch failed, reason: Unity was launched with the -noUpm command-line argument
[Package Manager] UpmClient::Send -- Unable to send message (not connected to UPM process).
[Package Manager] Cannot connect to Unity Package Manager local server
Mono: successfully reloaded assembly
- Finished resetting the current domain, in  0.928 seconds
Domain Reload Profiling: 1949ms
	BeginReloadAssembly (220ms)
		ExecutionOrderSort (0ms)
		DisableScriptedObjects (8ms)
		BackupInstance (0ms)
		ReleaseScriptingObjects (0ms)
		CreateAndSetChildDomain (35ms)
	RebuildCommonClasses (42ms)
	RebuildNativeTypeToScriptingClass (12ms)
	initialDomainReloadingComplete (63ms)
	LoadAllAssembliesAndSetupDomain (682ms)
		LoadAssemblies (529ms)
		RebuildTransferFunctionScriptingTraits (0ms)
		AnalyzeDomain (275ms)
			TypeCache.Refresh (236ms)
				TypeCache.ScanAssembly (211ms)
			ScanForSourceGeneratedMonoScriptInfo (30ms)
			ResolveRequiredComponents (7ms)
	FinalizeReload (929ms)
		ReleaseScriptCaches (0ms)
		RebuildScriptCaches (0ms)
		SetupLoadedEditorAssemblies (709ms)
			LogAssemblyErrors (0ms)
			InitializePlatformSupportModulesInManaged (8ms)
			SetLoadedEditorAssemblies (5ms)
			RefreshPlugins (0ms)
			BeforeProcessingInitializeOnLoad (112ms)
			ProcessInitializeOnLoadAttributes (509ms)
			ProcessInitializeOnLoadMethodAttributes (60ms)
			AfterProcessingInitializeOnLoad (13ms)
			EditorAssembliesLoaded (0ms)
		ExecutionOrderSort2 (0ms)
		AwakeInstancesAfterBackupRestoration (8ms)
Launched and connected shader compiler UnityShaderCompiler.exe after 0.10 seconds
Refreshing native plugins compatible for Editor in 13.05 ms, found 4 plugins.
Preloading 0 native plugins for Editor in 0.00 ms.
Unloading 4040 Unused Serialized files (Serialized files now loaded: 0)
Unloading 65 unused Assets / (61.6 KB). Loaded Objects now: 4501.
Memory consumption went from 148.6 MB to 148.6 MB.
Total: 15.974200 ms (FindLiveObjects: 0.499200 ms CreateObjectMapping: 0.464800 ms MarkObjects: 14.794000 ms  DeleteObjects: 0.215000 ms)

AssetImportParameters requested are different than current active one (requested -> active):
  custom:container-demuxer-ogg: 62fdf1f143b41e24485cea50d1cbac27 -> 
  custom:video-decoder-ogg-theora: a1e56fd34408186e4bbccfd4996cb3dc -> 
  custom:framework-win-MediaFoundation: 216162199b28c13a410421893ffa2e32 -> 
  custom:CustomObjectIndexerAttribute: 9a22284fe3817be447336de3de66b15e -> 
  custom:container-demuxer-webm: 4f35f7cbe854078d1ac9338744f61a02 -> 
  custom:container-muxer-webm: aa71ff27fc2769a1b78a27578f13a17b -> 
  custom:video-decoder-webm-vp8: 9c59270c3fd7afecdb556c50c9e8de78 -> 
  custom:SearchIndexIgnoredProperties: e643bd26f0fe6173181afceb89e7c659 -> 
  custom:AudioImporter_EditorPlatform: d09bf68614088b80899f8185d706f6e7 -> 
  custom:video-encoder-webm-vp8: eb34c28f22e8b96e1ab97ce403110664 -> 
  custom:audio-decoder-ogg-vorbis: bf7c407c2cedff20999df2af8eb42d56 -> 
  custom:audio-encoder-webm-vorbis: bf7c407c2cedff20999df2af8eb42d56 -> 
========================================================================
Received Import Request.
  Time since last request: 32630.719908 seconds.
  path: Assets/Resources/Cards/card_diamond_12.png
  artifactKey: Guid(97bd1b1541afb7f4284b095ca4455167) Importer(815301076,1909f56bfc062723c751e8b465ee728b)
Start importing Assets/Resources/Cards/card_diamond_12.png using Guid(97bd1b1541afb7f4284b095ca4455167) Importer(815301076,1909f56bfc062723c751e8b465ee728b)  -> (artifact id: '3c23c409f41008751ab88908d31f9ad2') in 0.170568 seconds
Number of updated asset objects reloaded before import = 0
Number of asset objects unloaded after import = 3
========================================================================
Received Import Request.
  Time since last request: 0.000049 seconds.
  path: Assets/Resources/Cards/card_club_7.png
  artifactKey: Guid(5c76b1fa784735f4098ad3f515d31212) Importer(815301076,1909f56bfc062723c751e8b465ee728b)
Start importing Assets/Resources/Cards/card_club_7.png using Guid(5c76b1fa784735f4098ad3f515d31212) Importer(815301076,1909f56bfc062723c751e8b465ee728b)  -> (artifact id: '9f8a7c87a0891b894ee90cf9cebd45f6') in 0.031533 seconds
Number of updated asset objects reloaded before import = 0
Number of asset objects unloaded after import = 3
========================================================================
Received Import Request.
  Time since last request: 0.000027 seconds.
  path: Assets/Resources/Cards/card_heart_8.png
  artifactKey: Guid(ed45542fb09a3de4a9805be4590ac950) Importer(815301076,1909f56bfc062723c751e8b465ee728b)
Start importing Assets/Resources/Cards/card_heart_8.png using Guid(ed45542fb09a3de4a9805be4590ac950) Importer(815301076,1909f56bfc062723c751e8b465ee728b)  -> (artifact id: '16ce9b00283f7d120313a916ceb97daa') in 0.027815 seconds
Number of updated asset objects reloaded before import = 0
Number of asset objects unloaded after import = 3
========================================================================
Received Import Request.
  Time since last request: 0.000081 seconds.
  path: Assets/Resources/Cards/card_heart_12.png
  artifactKey: Guid(963316161b68f6b4084f833b529adf4c) Importer(815301076,1909f56bfc062723c751e8b465ee728b)
Start importing Assets/Resources/Cards/card_heart_12.png using Guid(963316161b68f6b4084f833b529adf4c) Importer(815301076,1909f56bfc062723c751e8b465ee728b)  -> (artifact id: '29a72f8b0562702f6697fdf43e42bed5') in 0.032140 seconds
Number of updated asset objects reloaded before import = 0
Number of asset objects unloaded after import = 3
========================================================================
Received Import Request.
  Time since last request: 0.002870 seconds.
  path: Assets/Resources/Cards/card_diamond_11.png
  artifactKey: Guid(cd57cb22789580346bb9c0b50bf310cc) Importer(815301076,1909f56bfc062723c751e8b465ee728b)
Start importing Assets/Resources/Cards/card_diamond_11.png using Guid(cd57cb22789580346bb9c0b50bf310cc) Importer(815301076,1909f56bfc062723c751e8b465ee728b)  -> (artifact id: '05cdcec12f3afec36c821007111e6ab0') in 0.026235 seconds
Number of updated asset objects reloaded before import = 0
Number of asset objects unloaded after import = 3
========================================================================
Received Import Request.
  Time since last request: 0.000024 seconds.
  path: Assets/Resources/Cards/card_diamond_6.png
  artifactKey: Guid(bad2c887492845643a642be0404d2608) Importer(815301076,1909f56bfc062723c751e8b465ee728b)
Start importing Assets/Resources/Cards/card_diamond_6.png using Guid(bad2c887492845643a642be0404d2608) Importer(815301076,1909f56bfc062723c751e8b465ee728b)  -> (artifact id: '355fce567b2dfd767b12df56972bca28') in 0.025848 seconds
Number of updated asset objects reloaded before import = 0
Number of asset objects unloaded after import = 3
========================================================================
Received Import Request.
  Time since last request: 0.000028 seconds.
  path: Assets/Resources/Cards/card_diamond_8.png
  artifactKey: Guid(3b37ae8a8eb0efa48be5e718f335e674) Importer(815301076,1909f56bfc062723c751e8b465ee728b)
Start importing Assets/Resources/Cards/card_diamond_8.png using Guid(3b37ae8a8eb0efa48be5e718f335e674) Importer(815301076,1909f56bfc062723c751e8b465ee728b)  -> (artifact id: '9614b3227db9c15bf5729cd85aa04ddf') in 0.027176 seconds
Number of updated asset objects reloaded before import = 0
Number of asset objects unloaded after import = 3
========================================================================
Received Import Request.
  Time since last request: 2.741892 seconds.
  path: Assets/Resources/Prefabs/Card_club_1.prefab
  artifactKey: Guid(de93c26e310ed8540a18823276f7ea7a) Importer(815301076,1909f56bfc062723c751e8b465ee728b)
Start importing Assets/Resources/Prefabs/Card_club_1.prefab using Guid(de93c26e310ed8540a18823276f7ea7a) Importer(815301076,1909f56bfc062723c751e8b465ee728b)  -> (artifact id: '1f0ace91ca843896ffa490b146007dcd') in 0.014048 seconds
Number of updated asset objects reloaded before import = 0
Number of asset objects unloaded after import = 8
========================================================================
Received Import Request.
  Time since last request: 0.000018 seconds.
  path: Assets/Resources/Prefabs/Card_diamond_6.prefab
  artifactKey: Guid(d9591e02d6e59214daf74a4d3ce5c144) Importer(815301076,1909f56bfc062723c751e8b465ee728b)
Start importing Assets/Resources/Prefabs/Card_diamond_6.prefab using Guid(d9591e02d6e59214daf74a4d3ce5c144) Importer(815301076,1909f56bfc062723c751e8b465ee728b)  -> (artifact id: 'fae724a64d32d0e3af955bd7267c27e7') in 0.002396 seconds
Number of updated asset objects reloaded before import = 0
Number of asset objects unloaded after import = 8
========================================================================
Received Import Request.
  Time since last request: 0.000010 seconds.
  path: Assets/Resources/Prefabs/Card_diamond_9.prefab
  artifactKey: Guid(c9cbd79fa0b89bd44a861e6c2059ace1) Importer(815301076,1909f56bfc062723c751e8b465ee728b)
Start importing Assets/Resources/Prefabs/Card_diamond_9.prefab using Guid(c9cbd79fa0b89bd44a861e6c2059ace1) Importer(815301076,1909f56bfc062723c751e8b465ee728b)  -> (artifact id: '74939a5589b392db071433ade2ae2722') in 0.002343 seconds
Number of updated asset objects reloaded before import = 0
Number of asset objects unloaded after import = 8
========================================================================
Received Import Request.
  Time since last request: 0.000011 seconds.
  path: Assets/Resources/Prefabs/Card_diamond_12.prefab
  artifactKey: Guid(30794789afe9a964db5d1d518d9a2163) Importer(815301076,1909f56bfc062723c751e8b465ee728b)
Start importing Assets/Resources/Prefabs/Card_diamond_12.prefab using Guid(30794789afe9a964db5d1d518d9a2163) Importer(815301076,1909f56bfc062723c751e8b465ee728b)  -> (artifact id: '7e894a74a579549d80bc314bbbf8f92a') in 0.002505 seconds
Number of updated asset objects reloaded before import = 0
Number of asset objects unloaded after import = 8
========================================================================
Received Import Request.
  Time since last request: 0.000012 seconds.
  path: Assets/Resources/Prefabs/Card_heart_2.prefab
  artifactKey: Guid(7df85e8c055770b4098851bde0eaf28b) Importer(815301076,1909f56bfc062723c751e8b465ee728b)
Start importing Assets/Resources/Prefabs/Card_heart_2.prefab using Guid(7df85e8c055770b4098851bde0eaf28b) Importer(815301076,1909f56bfc062723c751e8b465ee728b)  -> (artifact id: '89a2ce955d635a16a57b3d560433f436') in 0.003008 seconds
Number of updated asset objects reloaded before import = 0
Number of asset objects unloaded after import = 8
========================================================================
Received Import Request.
  Time since last request: 0.000018 seconds.
  path: Assets/Resources/Prefabs/Card_club_13.prefab
  artifactKey: Guid(6bf9b67a2c143fb468b2cfdcd90a95f7) Importer(815301076,1909f56bfc062723c751e8b465ee728b)
Start importing Assets/Resources/Prefabs/Card_club_13.prefab using Guid(6bf9b67a2c143fb468b2cfdcd90a95f7) Importer(815301076,1909f56bfc062723c751e8b465ee728b)  -> (artifact id: 'ce08cfff1d1534cdc00b9900587d467b') in 0.003663 seconds
Number of updated asset objects reloaded before import = 0
Number of asset objects unloaded after import = 8
========================================================================
Received Import Request.
  Time since last request: 0.000665 seconds.
  path: Assets/Resources/Prefabs/Card_heart_10.prefab
  artifactKey: Guid(9dd3699bac61fd645a5d99d7b63fcfbd) Importer(815301076,1909f56bfc062723c751e8b465ee728b)
Start importing Assets/Resources/Prefabs/Card_heart_10.prefab using Guid(9dd3699bac61fd645a5d99d7b63fcfbd) Importer(815301076,1909f56bfc062723c751e8b465ee728b)  -> (artifact id: 'a95ceb8236f011f3b957ded6f7d4d5f2') in 0.002652 seconds
Number of updated asset objects reloaded before import = 0
Number of asset objects unloaded after import = 8
========================================================================
Received Import Request.
  Time since last request: 0.000931 seconds.
  path: Assets/Resources/Prefabs/Card_joker.prefab
  artifactKey: Guid(40b457b9840710348adc331fd9eca8a3) Importer(815301076,1909f56bfc062723c751e8b465ee728b)
Start importing Assets/Resources/Prefabs/Card_joker.prefab using Guid(40b457b9840710348adc331fd9eca8a3) Importer(815301076,1909f56bfc062723c751e8b465ee728b)  -> (artifact id: '286715c901b1a5633d9357fdb7ef76c1') in 0.002309 seconds
Number of updated asset objects reloaded before import = 0
Number of asset objects unloaded after import = 8
========================================================================
Received Import Request.
  Time since last request: 0.000287 seconds.
  path: Assets/Resources/Prefabs/Card_spade_3.prefab
  artifactKey: Guid(66d54bb3c45208744a9e61359f128778) Importer(815301076,1909f56bfc062723c751e8b465ee728b)
Start importing Assets/Resources/Prefabs/Card_spade_3.prefab using Guid(66d54bb3c45208744a9e61359f128778) Importer(815301076,1909f56bfc062723c751e8b465ee728b)  -> (artifact id: '5fe914afc2a0fa8b24636b2fcac54abd') in 0.002984 seconds
Number of updated asset objects reloaded before import = 0
Number of asset objects unloaded after import = 8
========================================================================
Received Import Request.
  Time since last request: 0.000678 seconds.
  path: Assets/Resources/Prefabs/Card_spade_8.prefab
  artifactKey: Guid(db28346d6254aa74fb5f92cebca58a2b) Importer(815301076,1909f56bfc062723c751e8b465ee728b)
Start importing Assets/Resources/Prefabs/Card_spade_8.prefab using Guid(db28346d6254aa74fb5f92cebca58a2b) Importer(815301076,1909f56bfc062723c751e8b465ee728b)  -> (artifact id: '5cf07c0925979f1eae8d50f1969b2b8c') in 0.001994 seconds
Number of updated asset objects reloaded before import = 0
Number of asset objects unloaded after import = 8
========================================================================
Received Import Request.
  Time since last request: 0.000660 seconds.
  path: Assets/Resources/Prefabs/Card_spade_12.prefab
  artifactKey: Guid(26a8865495617c64f996ef2afebbdcdb) Importer(815301076,1909f56bfc062723c751e8b465ee728b)
Start importing Assets/Resources/Prefabs/Card_spade_12.prefab using Guid(26a8865495617c64f996ef2afebbdcdb) Importer(815301076,1909f56bfc062723c751e8b465ee728b)  -> (artifact id: 'e1d35c6a4e0e1d2885e97204bfbec61d') in 0.002467 seconds
Number of updated asset objects reloaded before import = 0
Number of asset objects unloaded after import = 8
